<?xml version="1.0" encoding="UTF-8"?>
<!-- Generated by org.testng.reporters.JUnitReportReporter -->
<testsuite hostname="DESKTOP-2BC074J" name="runner.runCuke" tests="1" failures="0" timestamp="15 Sep 2019 23:07:04 GMT" time="59.240" errors="0">
  <testcase name="feature" time="59.240" classname="runner.runCuke"/>
</testsuite> <!-- runner.runCuke -->
